C:\PRODUCTION\MOBILENOISE\MOBILENOISE\MOBILENOISE\DEBUG\JSONCPP.OBJ
C:\PRODUCTION\MOBILENOISE\MOBILENOISE\MOBILENOISE\DEBUG\CURLTEST.OBJ
C:\PRODUCTION\MOBILENOISE\MOBILENOISE\MOBILENOISE\DEBUG\JSONTEST.OBJ
C:\PRODUCTION\MOBILENOISE\MOBILENOISE\MOBILENOISE\DEBUG\SOS.OBJ
C:\PRODUCTION\MOBILENOISE\MOBILENOISE\MOBILENOISE\DEBUG\CACHINGSTREAM.OBJ
C:\PRODUCTION\MOBILENOISE\MOBILENOISE\MOBILENOISE\DEBUG\SOSTEST.OBJ
C:\PRODUCTION\MOBILENOISE\MOBILENOISE\MOBILENOISE\DEBUG\VC110.PDB
C:\PRODUCTION\MOBILENOISE\MOBILENOISE\MOBILENOISE\DEBUG\SQLTEST.OBJ
C:\PRODUCTION\MOBILENOISE\MOBILENOISE\MOBILENOISE\DEBUG\SOSREADER.OBJ
C:\Production\MobileNoise\MobileNoise\MobileNoise\Debug\CachingStream.obj
C:\Production\MobileNoise\MobileNoise\MobileNoise\Debug\curlTest.obj
C:\Production\MobileNoise\MobileNoise\MobileNoise\Debug\jsoncpp.obj
C:\Production\MobileNoise\MobileNoise\MobileNoise\Debug\jsonTest.obj
C:\Production\MobileNoise\MobileNoise\MobileNoise\Debug\Sos.obj
C:\Production\MobileNoise\MobileNoise\MobileNoise\Debug\SosReader.obj
C:\Production\MobileNoise\MobileNoise\MobileNoise\Debug\SosTest.obj
C:\Production\MobileNoise\MobileNoise\MobileNoise\Debug\sqlTest.obj
C:\Production\MobileNoise\MobileNoise\MobileNoise\Debug\cl.command.1.tlog
C:\Production\MobileNoise\MobileNoise\MobileNoise\Debug\CL.read.1.tlog
C:\Production\MobileNoise\MobileNoise\MobileNoise\Debug\CL.write.1.tlog
C:\Production\MobileNoise\MobileNoise\MobileNoise\Debug\link-cvtres.read.1.tlog
C:\Production\MobileNoise\MobileNoise\MobileNoise\Debug\link-cvtres.write.1.tlog
C:\Production\MobileNoise\MobileNoise\MobileNoise\Debug\link-rc.read.1.tlog
C:\Production\MobileNoise\MobileNoise\MobileNoise\Debug\link-rc.write.1.tlog
C:\Production\MobileNoise\MobileNoise\MobileNoise\Debug\link.2720-cvtres.read.1.tlog
C:\Production\MobileNoise\MobileNoise\MobileNoise\Debug\link.2720-cvtres.write.1.tlog
C:\Production\MobileNoise\MobileNoise\MobileNoise\Debug\link.2720-rc.read.1.tlog
C:\Production\MobileNoise\MobileNoise\MobileNoise\Debug\link.2720-rc.write.1.tlog
C:\Production\MobileNoise\MobileNoise\MobileNoise\Debug\link.2720.read.1.tlog
C:\Production\MobileNoise\MobileNoise\MobileNoise\Debug\link.2720.write.1.tlog
C:\Production\MobileNoise\MobileNoise\MobileNoise\Debug\link.2788-cvtres.read.1.tlog
C:\Production\MobileNoise\MobileNoise\MobileNoise\Debug\link.2788-cvtres.write.1.tlog
C:\Production\MobileNoise\MobileNoise\MobileNoise\Debug\link.2788-rc.read.1.tlog
C:\Production\MobileNoise\MobileNoise\MobileNoise\Debug\link.2788-rc.write.1.tlog
C:\Production\MobileNoise\MobileNoise\MobileNoise\Debug\link.2788.read.1.tlog
C:\Production\MobileNoise\MobileNoise\MobileNoise\Debug\link.2788.write.1.tlog
C:\Production\MobileNoise\MobileNoise\MobileNoise\Debug\link.3120-cvtres.read.1.tlog
C:\Production\MobileNoise\MobileNoise\MobileNoise\Debug\link.3120-cvtres.write.1.tlog
C:\Production\MobileNoise\MobileNoise\MobileNoise\Debug\link.3120-rc.read.1.tlog
C:\Production\MobileNoise\MobileNoise\MobileNoise\Debug\link.3120-rc.write.1.tlog
C:\Production\MobileNoise\MobileNoise\MobileNoise\Debug\link.3120.read.1.tlog
C:\Production\MobileNoise\MobileNoise\MobileNoise\Debug\link.3120.write.1.tlog
C:\Production\MobileNoise\MobileNoise\MobileNoise\Debug\link.3220.read.1.tlog
C:\Production\MobileNoise\MobileNoise\MobileNoise\Debug\link.3220.write.1.tlog
C:\Production\MobileNoise\MobileNoise\MobileNoise\Debug\link.3536-cvtres.read.1.tlog
C:\Production\MobileNoise\MobileNoise\MobileNoise\Debug\link.3536-cvtres.write.1.tlog
C:\Production\MobileNoise\MobileNoise\MobileNoise\Debug\link.3536-rc.read.1.tlog
C:\Production\MobileNoise\MobileNoise\MobileNoise\Debug\link.3536-rc.write.1.tlog
C:\Production\MobileNoise\MobileNoise\MobileNoise\Debug\link.3536.read.1.tlog
C:\Production\MobileNoise\MobileNoise\MobileNoise\Debug\link.3536.write.1.tlog
C:\Production\MobileNoise\MobileNoise\MobileNoise\Debug\link.3736-cvtres.read.1.tlog
C:\Production\MobileNoise\MobileNoise\MobileNoise\Debug\link.3736-cvtres.write.1.tlog
C:\Production\MobileNoise\MobileNoise\MobileNoise\Debug\link.3736-rc.read.1.tlog
C:\Production\MobileNoise\MobileNoise\MobileNoise\Debug\link.3736-rc.write.1.tlog
C:\Production\MobileNoise\MobileNoise\MobileNoise\Debug\link.3736.read.1.tlog
C:\Production\MobileNoise\MobileNoise\MobileNoise\Debug\link.3736.write.1.tlog
C:\Production\MobileNoise\MobileNoise\MobileNoise\Debug\link.3880-cvtres.read.1.tlog
C:\Production\MobileNoise\MobileNoise\MobileNoise\Debug\link.3880-cvtres.write.1.tlog
C:\Production\MobileNoise\MobileNoise\MobileNoise\Debug\link.3880-rc.read.1.tlog
C:\Production\MobileNoise\MobileNoise\MobileNoise\Debug\link.3880-rc.write.1.tlog
C:\Production\MobileNoise\MobileNoise\MobileNoise\Debug\link.3880.read.1.tlog
C:\Production\MobileNoise\MobileNoise\MobileNoise\Debug\link.3880.write.1.tlog
C:\Production\MobileNoise\MobileNoise\MobileNoise\Debug\link.3936-cvtres.read.1.tlog
C:\Production\MobileNoise\MobileNoise\MobileNoise\Debug\link.3936-cvtres.write.1.tlog
C:\Production\MobileNoise\MobileNoise\MobileNoise\Debug\link.3936-rc.read.1.tlog
C:\Production\MobileNoise\MobileNoise\MobileNoise\Debug\link.3936-rc.write.1.tlog
C:\Production\MobileNoise\MobileNoise\MobileNoise\Debug\link.3936.read.1.tlog
C:\Production\MobileNoise\MobileNoise\MobileNoise\Debug\link.3936.write.1.tlog
C:\Production\MobileNoise\MobileNoise\MobileNoise\Debug\link.840-cvtres.read.1.tlog
C:\Production\MobileNoise\MobileNoise\MobileNoise\Debug\link.840-cvtres.write.1.tlog
C:\Production\MobileNoise\MobileNoise\MobileNoise\Debug\link.840-rc.read.1.tlog
C:\Production\MobileNoise\MobileNoise\MobileNoise\Debug\link.840-rc.write.1.tlog
C:\Production\MobileNoise\MobileNoise\MobileNoise\Debug\link.840.read.1.tlog
C:\Production\MobileNoise\MobileNoise\MobileNoise\Debug\link.840.write.1.tlog
C:\Production\MobileNoise\MobileNoise\MobileNoise\Debug\link.command.1.tlog
C:\Production\MobileNoise\MobileNoise\MobileNoise\Debug\link.read.1.tlog
C:\Production\MobileNoise\MobileNoise\MobileNoise\Debug\link.write.1.tlog
C:\Production\MobileNoise\MobileNoise\MobileNoise\Debug\vc110.idb
C:\Production\MobileNoise\MobileNoise\MobileNoise\Debug\vc110.pdb
C:\Production\MobileNoise\MobileNoise\Debug\MobileNoise.pdb
